node:internal/modules/cjs/loader:1080
  throw err;
  ^

Error: Cannot find module 'express'
Require stack:
- D:\projetos\br.dev.ci.apps\start.js
    at Module._resolveFilename (node:internal/modules/cjs/loader:1077:15)
    at Module._load (node:internal/modules/cjs/loader:922:27)
    at Module.require (node:internal/modules/cjs/loader:1143:19)
    at require (node:internal/modules/cjs/helpers:119:18)
    at Object.<anonymous> (D:\projetos\br.dev.ci.apps\start.js:43:15)
    at Module._compile (node:internal/modules/cjs/loader:1256:14)
    at Module._extensions..js (node:internal/modules/cjs/loader:1310:10)
    at Module.load (node:internal/modules/cjs/loader:1119:32)
    at Module._load (node:internal/modules/cjs/loader:960:12)
    at Function.executeUserEntryPoint [as runMain] (node:internal/modules/run_main:86:12) {
  code: 'MODULE_NOT_FOUND',
  requireStack: [ 'D:\\projetos\\br.dev.ci.apps\\start.js' ]
}

Node.js v18.18.2
node:internal/modules/cjs/loader:1080
  throw err;
  ^

Error: Cannot find module 'express'
Require stack:
- D:\projetos\br.dev.ci.apps\start.js
    at Module._resolveFilename (node:internal/modules/cjs/loader:1077:15)
    at Module._load (node:internal/modules/cjs/loader:922:27)
    at Module.require (node:internal/modules/cjs/loader:1143:19)
    at require (node:internal/modules/cjs/helpers:119:18)
    at Object.<anonymous> (D:\projetos\br.dev.ci.apps\start.js:43:15)
    at Module._compile (node:internal/modules/cjs/loader:1256:14)
    at Module._extensions..js (node:internal/modules/cjs/loader:1310:10)
    at Module.load (node:internal/modules/cjs/loader:1119:32)
    at Module._load (node:internal/modules/cjs/loader:960:12)
    at Function.executeUserEntryPoint [as runMain] (node:internal/modules/run_main:86:12) {
  code: 'MODULE_NOT_FOUND',
  requireStack: [ 'D:\\projetos\\br.dev.ci.apps\\start.js' ]
}

Node.js v18.18.2
node:internal/modules/cjs/loader:1080
  throw err;
  ^

Error: Cannot find module 'express'
Require stack:
- D:\projetos\br.dev.ci.apps\start.js
    at Module._resolveFilename (node:internal/modules/cjs/loader:1077:15)
    at Module._load (node:internal/modules/cjs/loader:922:27)
    at Module.require (node:internal/modules/cjs/loader:1143:19)
    at require (node:internal/modules/cjs/helpers:119:18)
    at Object.<anonymous> (D:\projetos\br.dev.ci.apps\start.js:43:15)
    at Module._compile (node:internal/modules/cjs/loader:1256:14)
    at Module._extensions..js (node:internal/modules/cjs/loader:1310:10)
    at Module.load (node:internal/modules/cjs/loader:1119:32)
    at Module._load (node:internal/modules/cjs/loader:960:12)
    at Function.executeUserEntryPoint [as runMain] (node:internal/modules/run_main:86:12) {
  code: 'MODULE_NOT_FOUND',
  requireStack: [ 'D:\\projetos\\br.dev.ci.apps\\start.js' ]
}

Node.js v18.18.2
node:internal/modules/cjs/loader:1080
  throw err;
  ^

Error: Cannot find module 'express'
Require stack:
- D:\projetos\br.dev.ci.apps\start.js
    at Module._resolveFilename (node:internal/modules/cjs/loader:1077:15)
    at Module._load (node:internal/modules/cjs/loader:922:27)
    at Module.require (node:internal/modules/cjs/loader:1143:19)
    at require (node:internal/modules/cjs/helpers:119:18)
    at Object.<anonymous> (D:\projetos\br.dev.ci.apps\start.js:43:15)
    at Module._compile (node:internal/modules/cjs/loader:1256:14)
    at Module._extensions..js (node:internal/modules/cjs/loader:1310:10)
    at Module.load (node:internal/modules/cjs/loader:1119:32)
    at Module._load (node:internal/modules/cjs/loader:960:12)
    at Function.executeUserEntryPoint [as runMain] (node:internal/modules/run_main:86:12) {
  code: 'MODULE_NOT_FOUND',
  requireStack: [ 'D:\\projetos\\br.dev.ci.apps\\start.js' ]
}

Node.js v18.18.2
node:internal/modules/cjs/loader:1080
  throw err;
  ^

Error: Cannot find module 'express'
Require stack:
- D:\projetos\br.dev.ci.apps\start.js
    at Module._resolveFilename (node:internal/modules/cjs/loader:1077:15)
    at Module._load (node:internal/modules/cjs/loader:922:27)
    at Module.require (node:internal/modules/cjs/loader:1143:19)
    at require (node:internal/modules/cjs/helpers:119:18)
    at Object.<anonymous> (D:\projetos\br.dev.ci.apps\start.js:43:15)
    at Module._compile (node:internal/modules/cjs/loader:1256:14)
    at Module._extensions..js (node:internal/modules/cjs/loader:1310:10)
    at Module.load (node:internal/modules/cjs/loader:1119:32)
    at Module._load (node:internal/modules/cjs/loader:960:12)
    at Function.executeUserEntryPoint [as runMain] (node:internal/modules/run_main:86:12) {
  code: 'MODULE_NOT_FOUND',
  requireStack: [ 'D:\\projetos\\br.dev.ci.apps\\start.js' ]
}

Node.js v18.18.2
node:internal/modules/cjs/loader:1080
  throw err;
  ^

Error: Cannot find module 'express'
Require stack:
- D:\projetos\br.dev.ci.apps\start.js
    at Module._resolveFilename (node:internal/modules/cjs/loader:1077:15)
    at Module._load (node:internal/modules/cjs/loader:922:27)
    at Module.require (node:internal/modules/cjs/loader:1143:19)
    at require (node:internal/modules/cjs/helpers:119:18)
    at Object.<anonymous> (D:\projetos\br.dev.ci.apps\start.js:43:15)
    at Module._compile (node:internal/modules/cjs/loader:1256:14)
    at Module._extensions..js (node:internal/modules/cjs/loader:1310:10)
    at Module.load (node:internal/modules/cjs/loader:1119:32)
    at Module._load (node:internal/modules/cjs/loader:960:12)
    at Function.executeUserEntryPoint [as runMain] (node:internal/modules/run_main:86:12) {
  code: 'MODULE_NOT_FOUND',
  requireStack: [ 'D:\\projetos\\br.dev.ci.apps\\start.js' ]
}

Node.js v18.18.2
